<?xml version="1.0" encoding="UTF-8"?>
<testsuite xmlns:xsi="http://www.w3.org/2001/XMLSchema-instance" xsi:noNamespaceSchemaLocation="https://maven.apache.org/surefire/maven-surefire-plugin/xsd/surefire-test-report-3.0.xsd" version="3.0" name="hu.anzek.backend.nyilvantarto.PartnerekJUnitTest" time="0.077" tests="1" errors="0" skipped="0" failures="0">
  <properties>
[...]
</properties>
  <testcase name="if_Exists_Partnerek_Test" classname="hu.anzek.backend.nyilvantarto.PartnerekJUnitTest" time="0.032">
    <system-out><![CDATA[hu.anzek.backend.nyilvantarto.Nyilvantarto.beolvasPartnerek() -> Cég1
hu.anzek.backend.nyilvantarto.Nyilvantarto.beolvasPartnerek() -> Cég2
hu.anzek.backend.nyilvantarto.Nyilvantarto.beolvasPartnerek() -> Cég3
hu.anzek.backend.nyilvantarto.Nyilvantarto.beolvasPartnerek() -> Cég4
hu.anzek.backend.nyilvantarto.Nyilvantarto.beolvasPartnerek() -> Cég5
hu.anzek.backend.nyilvantarto.Nyilvantarto.beolvasPartnerek() -> Cég6
hu.anzek.backend.nyilvantarto.Nyilvantarto.beolvasPartnerek() -> Cég7
hu.anzek.backend.nyilvantarto.Nyilvantarto.beolvasPartnerek() -> Cég8
hu.anzek.backend.nyilvantarto.Nyilvantarto.beolvasPartnerek() -> Cég9
hu.anzek.backend.nyilvantarto.Nyilvantarto.beolvasPartnerek() -> Cég10
hu.anzek.backend.nyilvantarto.Nyilvantarto.beolvasPartnerek() -> Cég11
hu.anzek.backend.nyilvantarto.Nyilvantarto.beolvasPartnerek() -> Cég12
hu.anzek.backend.nyilvantarto.Nyilvantarto.beolvasPartnerek() -> Cég1
hu.anzek.backend.nyilvantarto.Nyilvantarto.beolvasPartnerek() -> Cég2
hu.anzek.backend.nyilvantarto.Nyilvantarto.beolvasPartnerek() -> Cég3
hu.anzek.backend.nyilvantarto.Nyilvantarto.beolvasPartnerek() -> Cég4
hu.anzek.backend.nyilvantarto.Nyilvantarto.beolvasPartnerek() -> Cég5
hu.anzek.backend.nyilvantarto.Nyilvantarto.beolvasPartnerek() -> Cég6
hu.anzek.backend.nyilvantarto.Nyilvantarto.beolvasPartnerek() -> Cég7
hu.anzek.backend.nyilvantarto.Nyilvantarto.beolvasPartnerek() -> Cég8
hu.anzek.backend.nyilvantarto.Nyilvantarto.beolvasPartnerek() -> Cég9
hu.anzek.backend.nyilvantarto.Nyilvantarto.beolvasPartnerek() -> Cég10
hu.anzek.backend.nyilvantarto.Nyilvantarto.beolvasPartnerek() -> Cég11
hu.anzek.backend.nyilvantarto.Nyilvantarto.beolvasPartnerek() -> Cég12
]]></system-out>
  </testcase>
</testsuite>